week4ImplicitIntentsReceiver/app/build/intermediates/manifest_merge_blame_file/debug/manifest-merger-blame-debug-report.txt
1<?xml version="1.0" encoding="utf-8"?>
2<!--
3  ~ Copyright (C) 2018 Google Inc.
4  ~
5  ~ Licensed under the Apache License, Version 2.0 (the "License");
6  ~ you may not use this file except in compliance with the License.
7  ~ You may obtain a copy of the License at
8  ~
9  ~     http://www.apache.org/licenses/LICENSE-2.0
10  ~
11  ~ Unless required by applicable law or agreed to in writing, software
12  ~ distributed under the License is distributed on an "AS IS" BASIS,
13  ~ WITHOUT WARRANTIES OR CONDITIONS OF ANY KIND, either express or implied.
14  ~ See the License for the specific language governing permissions and
15  ~ limitations under the License.
16-->
17<manifest xmlns:android="http://schemas.android.com/apk/res/android"
18    package="com.example.android.implicitintentsreceiver"
19    android:versionCode="1"
20    android:versionName="1.0" >
21
22    <uses-sdk
23        android:minSdkVersion="15"
23-->src/main/AndroidManifest.xml
24        android:targetSdkVersion="26" />
24-->src/main/AndroidManifest.xml
25
26    <application
26-->src/main/AndroidManifest.xml:21:5-42:19
27        android:allowBackup="true"
27-->src/main/AndroidManifest.xml:22:9-35
28        android:debuggable="true"
29        android:icon="@mipmap/ic_launcher"
29-->src/main/AndroidManifest.xml:23:9-43
30        android:label="@string/app_name"
30-->src/main/AndroidManifest.xml:24:9-41
31        android:roundIcon="@mipmap/ic_launcher_round"
31-->src/main/AndroidManifest.xml:25:9-54
32        android:supportsRtl="true"
32-->src/main/AndroidManifest.xml:26:9-35
33        android:testOnly="true"
34        android:theme="@style/AppTheme" >
34-->src/main/AndroidManifest.xml:27:9-40
35        <activity android:name="com.example.android.implicitintentsreceiver.MainActivity" >
35-->src/main/AndroidManifest.xml:28:9-41:20
35-->src/main/AndroidManifest.xml:28:19-47
36            <intent-filter>
36-->src/main/AndroidManifest.xml:29:13-33:29
37                <action android:name="android.intent.action.MAIN" />
37-->src/main/AndroidManifest.xml:30:17-69
37-->src/main/AndroidManifest.xml:30:25-66
38
39                <category android:name="android.intent.category.LAUNCHER" />
39-->src/main/AndroidManifest.xml:32:17-77
39-->src/main/AndroidManifest.xml:32:27-74
40            </intent-filter>
41            <intent-filter>
41-->src/main/AndroidManifest.xml:35:13-40:29
42                <action android:name="android.intent.action.VIEW" />
42-->src/main/AndroidManifest.xml:36:17-69
42-->src/main/AndroidManifest.xml:36:25-66
43
44                <category android:name="android.intent.category.DEFAULT" />
44-->src/main/AndroidManifest.xml:37:17-76
44-->src/main/AndroidManifest.xml:37:27-73
45                <category android:name="android.intent.category.BROWSABLE" />
45-->src/main/AndroidManifest.xml:38:17-78
45-->src/main/AndroidManifest.xml:38:27-75
46
47                <data
47-->src/main/AndroidManifest.xml:39:17-84
48                    android:host="developer.android.com"
48-->src/main/AndroidManifest.xml:39:45-81
49                    android:scheme="http" />
49-->src/main/AndroidManifest.xml:39:23-44
50            </intent-filter>
51        </activity>
52
53        <meta-data
53-->[com.android.support:appcompat-v7:26.1.0] AndroidManifest.xml:26:9-28:38
54            android:name="android.support.VERSION"
54-->[com.android.support:appcompat-v7:26.1.0] AndroidManifest.xml:27:13-51
55            android:value="26.1.0" />
55-->[com.android.support:appcompat-v7:26.1.0] AndroidManifest.xml:28:13-35
56        <meta-data
56-->[android.arch.lifecycle:runtime:1.0.0] AndroidManifest.xml:25:9-27:47
57            android:name="android.arch.lifecycle.VERSION"
57-->[android.arch.lifecycle:runtime:1.0.0] AndroidManifest.xml:26:13-58
58            android:value="27.0.0-SNAPSHOT" />
58-->[android.arch.lifecycle:runtime:1.0.0] AndroidManifest.xml:27:13-44
59    </application>
60
61</manifest>